<?xml version="1.0" encoding="UTF-8"?>
<!-- Generated by org.testng.reporters.JUnitReportReporter -->
<testsuite hostname="DESKTOP-M4GRLMR" failures="0" tests="4" name="DatabaseConnection" time="0.044" errors="0" timestamp="2023-10-08T20:50:06 EET" skipped="0">
  <testcase classname="DatabaseConnection" name="AddNewData" time="0.017"/>
  <system-out/>
  <testcase classname="DatabaseConnection" name="UpdateCustomerNumber" time="0.004"/>
  <system-out/>
  <testcase classname="DatabaseConnection" name="SelectOneCustomer" time="0.021"/>
  <system-out/>
  <testcase classname="DatabaseConnection" name="DeleteUser" time="0.002"/>
  <system-out/>
</testsuite> <!-- DatabaseConnection -->
