<?xml version="1.0" encoding="UTF-8"?>
<!-- Generated by org.testng.reporters.JUnitReportReporter -->
<testsuite hostname="DESKTOP-M4GRLMR" failures="0" tests="3" name="CrudMethodTesting.BasicsCrudMethods" time="0.042" errors="0" timestamp="2023-10-08T21:00:33 EET" skipped="0">
  <testcase classname="CrudMethodTesting.BasicsCrudMethods" name="AddNewData" time="0.019"/>
  <system-out/>
  <testcase classname="CrudMethodTesting.BasicsCrudMethods" name="UpdateCustomerNumber" time="0.003"/>
  <system-out/>
  <testcase classname="CrudMethodTesting.BasicsCrudMethods" name="SelectOneCustomer" time="0.020"/>
  <system-out/>
</testsuite> <!-- CrudMethodTesting.BasicsCrudMethods -->
